<?xml version="1.0" encoding="UTF-8"?>
<testng-results skipped="0" failed="1" ignored="0" total="2" passed="1">
  <reporter-output>
  </reporter-output>
  <suite name="Default suite" duration-ms="18171" started-at="2019-10-31T18:10:54 IST" finished-at="2019-10-31T18:11:12 IST">
    <groups>
    </groups>
    <test name="Default test" duration-ms="18171" started-at="2019-10-31T18:10:54 IST" finished-at="2019-10-31T18:11:12 IST">
      <class name="com.test.GoogleTitleTest">
        <test-method status="PASS" signature="setUp()[pri:0, instance:com.test.GoogleTitleTest@67784306]" name="setUp" is-config="true" duration-ms="7513" started-at="2019-10-31T18:10:54 IST" finished-at="2019-10-31T18:11:02 IST">
          <reporter-output>
          </reporter-output>
        </test-method> <!-- setUp -->
        <test-method status="FAIL" signature="firefoxTitleText()[pri:0, instance:com.test.GoogleTitleTest@67784306]" name="firefoxTitleText" duration-ms="15" started-at="2019-10-31T18:11:02 IST" finished-at="2019-10-31T18:11:02 IST">
          <exception class="java.lang.AssertionError">
            <message>
              <![CDATA[Title is not matched expected [Google123] but found [Google]]]>
            </message>
            <full-stacktrace>
              <![CDATA[java.lang.AssertionError: Title is not matched expected [Google123] but found [Google]
at org.testng.Assert.fail(Assert.java:97)
at org.testng.Assert.assertEqualsImpl(Assert.java:136)
at org.testng.Assert.assertEquals(Assert.java:118)
at org.testng.Assert.assertEquals(Assert.java:575)
at com.test.GoogleTitleTest.firefoxTitleText(GoogleTitleTest.java:35)
at sun.reflect.NativeMethodAccessorImpl.invoke0(Native Method)
at sun.reflect.NativeMethodAccessorImpl.invoke(Unknown Source)
at sun.reflect.DelegatingMethodAccessorImpl.invoke(Unknown Source)
at java.lang.reflect.Method.invoke(Unknown Source)
at org.testng.internal.MethodInvocationHelper.invokeMethod(MethodInvocationHelper.java:133)
at org.testng.internal.TestInvoker.invokeMethod(TestInvoker.java:584)
at org.testng.internal.TestInvoker.invokeTestMethod(TestInvoker.java:172)
at org.testng.internal.MethodRunner.runInSequence(MethodRunner.java:46)
at org.testng.internal.TestInvoker$MethodInvocationAgent.invoke(TestInvoker.java:804)
at org.testng.internal.TestInvoker.invokeTestMethods(TestInvoker.java:145)
at org.testng.internal.TestMethodWorker.invokeTestMethods(TestMethodWorker.java:146)
at org.testng.internal.TestMethodWorker.run(TestMethodWorker.java:128)
at java.util.ArrayList.forEach(Unknown Source)
at org.testng.TestRunner.privateRun(TestRunner.java:770)
at org.testng.TestRunner.run(TestRunner.java:591)
at org.testng.SuiteRunner.runTest(SuiteRunner.java:402)
at org.testng.SuiteRunner.runSequentially(SuiteRunner.java:396)
at org.testng.SuiteRunner.privateRun(SuiteRunner.java:355)
at org.testng.SuiteRunner.run(SuiteRunner.java:304)
at org.testng.SuiteRunnerWorker.runSuite(SuiteRunnerWorker.java:53)
at org.testng.SuiteRunnerWorker.run(SuiteRunnerWorker.java:96)
at org.testng.TestNG.runSuitesSequentially(TestNG.java:1180)
at org.testng.TestNG.runSuitesLocally(TestNG.java:1102)
at org.testng.TestNG.runSuites(TestNG.java:1032)
at org.testng.TestNG.run(TestNG.java:1000)
at org.testng.remote.AbstractRemoteTestNG.run(AbstractRemoteTestNG.java:115)
at org.testng.remote.RemoteTestNG.initAndRun(RemoteTestNG.java:251)
at org.testng.remote.RemoteTestNG.main(RemoteTestNG.java:77)
]]>
            </full-stacktrace>
          </exception> <!-- java.lang.AssertionError -->
          <reporter-output>
          </reporter-output>
        </test-method> <!-- firefoxTitleText -->
        <test-method status="PASS" signature="tearDown()[pri:0, instance:com.test.GoogleTitleTest@67784306]" name="tearDown" is-config="true" duration-ms="1903" started-at="2019-10-31T18:11:02 IST" finished-at="2019-10-31T18:11:03 IST">
          <reporter-output>
          </reporter-output>
        </test-method> <!-- tearDown -->
        <test-method status="PASS" signature="setUp()[pri:0, instance:com.test.GoogleTitleTest@67784306]" name="setUp" is-config="true" duration-ms="6314" started-at="2019-10-31T18:11:03 IST" finished-at="2019-10-31T18:11:10 IST">
          <reporter-output>
          </reporter-output>
        </test-method> <!-- setUp -->
        <test-method status="PASS" signature="logoTest()[pri:0, instance:com.test.GoogleTitleTest@67784306]" name="logoTest" duration-ms="66" started-at="2019-10-31T18:11:10 IST" finished-at="2019-10-31T18:11:10 IST">
          <reporter-output>
          </reporter-output>
        </test-method> <!-- logoTest -->
        <test-method status="PASS" signature="tearDown()[pri:0, instance:com.test.GoogleTitleTest@67784306]" name="tearDown" is-config="true" duration-ms="2329" started-at="2019-10-31T18:11:10 IST" finished-at="2019-10-31T18:11:12 IST">
          <reporter-output>
          </reporter-output>
        </test-method> <!-- tearDown -->
      </class> <!-- com.test.GoogleTitleTest -->
    </test> <!-- Default test -->
  </suite> <!-- Default suite -->
</testng-results>
